<?xml version="1.0" encoding="UTF-8"?>
<!-- Generated by org.testng.reporters.JUnitReportReporter -->
<testsuite hostname="LAPTOP-6N1PVDEL" failures="0" tests="1" name="com.dataread.ReadExcel" time="0.640" errors="0" timestamp="2025-07-01T22:16:03 EDT" skipped="0">
  <testcase classname="com.dataread.ReadExcel" name="ExCelDataReader" time="0.640"/>
</testsuite> <!-- com.dataread.ReadExcel -->
