<?xml version="1.0" encoding="UTF-8"?>
<!-- Generated by org.testng.reporters.JUnitReportReporter -->
<testsuite hostname="LAPTOP-6N1PVDEL" failures="0" tests="1" name="com.dataread.ExcelReadAssignment" time="0.505" errors="0" timestamp="2025-06-26T21:23:50 EDT" skipped="0">
  <testcase classname="com.dataread.ExcelReadAssignment" name="ExCelDataReader" time="0.505"/>
</testsuite> <!-- com.dataread.ExcelReadAssignment -->
