<?xml version="1.0" encoding="UTF-8"?>
<!-- Generated by org.testng.reporters.JUnitReportReporter -->
<testsuite hostname="KhalidLT" failures="0" tests="1" name="com.test.EdgeBrowser" time="4.415" errors="0" timestamp="2025-05-14T10:17:25 EDT" skipped="0">
  <testcase classname="com.test.EdgeBrowser" name="LaunchEdgeBrowser" time="4.415"/>
</testsuite> <!-- com.test.EdgeBrowser -->
