<?xml version="1.0" encoding="UTF-8"?>
<!-- Generated by org.testng.reporters.JUnitReportReporter -->
<testsuite hostname="LAPTOP-6N1PVDEL" failures="0" tests="2" name="com.test.MultiTest" time="0.793" errors="0" timestamp="2025-05-19T21:38:40 EDT" skipped="0">
  <testcase classname="com.test.MultiTest" name="SelectDropDown" time="0.373"/>
  <testcase classname="com.test.MultiTest" name="AdvanceDropDown" time="0.420"/>
</testsuite> <!-- com.test.MultiTest -->
