<?xml version="1.0" encoding="UTF-8"?>
<!-- Generated by org.testng.reporters.JUnitReportReporter -->
<testsuite hostname="KhalidLT" failures="0" tests="1" name="com.test.TestNgAssignment1" time="3.616" errors="0" timestamp="2025-05-14T09:37:08 EDT" skipped="0">
  <testcase classname="com.test.TestNgAssignment1" name="LaunchBrowser" time="3.616"/>
</testsuite> <!-- com.test.TestNgAssignment1 -->
