<?xml version="1.0" encoding="UTF-8"?>
<!-- Generated by org.testng.reporters.JUnitReportReporter -->
<testsuite hostname="KhalidLT" failures="0" tests="1" name="com.test.TestNgAssignment1" time="4.366" errors="0" timestamp="2025-05-14T09:30:46 EDT" skipped="0">
  <testcase classname="com.test.TestNgAssignment1" name="LaunchBrowser" time="4.366"/>
</testsuite> <!-- com.test.TestNgAssignment1 -->
