<?xml version="1.0" encoding="UTF-8"?>
<!-- Generated by org.testng.reporters.JUnitReportReporter -->
<testsuite hostname="LAPTOP-6N1PVDEL" failures="0" tests="1" name="com.dataread.ReadExcel" time="0.560" errors="0" timestamp="2025-06-24T22:26:41 EDT" skipped="0">
  <testcase classname="com.dataread.ReadExcel" name="ExCelDataReader" time="0.560"/>
</testsuite> <!-- com.dataread.ReadExcel -->
